09:25:11.454 [qtp5063855-22] WARN  c.z.cm.base.security.ShiroDbRealm - 找不到该帐号
09:25:52.384 [qtp5063855-18] WARN  c.z.cm.base.security.ShiroDbRealm - 找不到该帐号
09:26:49.814 [qtp5063855-19] WARN  c.z.cm.base.security.ShiroDbRealm - 找不到该帐号
09:28:22.022 [qtp5063855-22] WARN  c.z.cm.base.security.ShiroDbRealm - 找不到该帐号
09:30:59.190 [qtp5063855-18] WARN  c.z.cm.base.security.ShiroDbRealm - 找不到该帐号
09:31:05.360 [qtp5063855-23] WARN  c.z.cm.base.security.ShiroDbRealm - 找不到该帐号
09:31:30.737 [qtp5063855-18] WARN  c.z.cm.base.security.ShiroDbRealm - 找不到该帐号
09:38:53.489 [qtp5063855-20] WARN  c.z.cm.base.security.ShiroDbRealm - 找不到该帐号
09:43:20.748 [qtp3681765-23] WARN  c.z.cm.base.security.ShiroDbRealm - 找不到该帐号
09:43:48.590 [qtp3681765-19] WARN  c.z.cm.base.security.ShiroDbRealm - 找不到该帐号
09:43:50.540 [qtp3681765-23] WARN  c.z.cm.base.security.ShiroDbRealm - 找不到该帐号
09:44:08.047 [qtp3681765-23] WARN  c.z.cm.base.security.ShiroDbRealm - 找不到该帐号
09:44:19.727 [qtp3681765-18] WARN  c.z.cm.base.security.ShiroDbRealm - 找不到该帐号
09:44:24.123 [qtp3681765-18] WARN  c.z.cm.base.security.ShiroDbRealm - 密码错误
09:44:31.436 [qtp3681765-19] WARN  c.z.cm.base.security.ShiroDbRealm - 密码错误
17:10:18.262 [main] WARN  o.e.j.u.component.AbstractLifeCycle - FAILED SelectChannelConnector@0.0.0.0:8080: java.net.BindException: Address already in use: bind
java.net.BindException: Address already in use: bind
	at sun.nio.ch.Net.bind0(Native Method) ~[na:1.7.0_09]
	at sun.nio.ch.Net.bind(Net.java:344) ~[na:1.7.0_09]
	at sun.nio.ch.Net.bind(Net.java:336) ~[na:1.7.0_09]
	at sun.nio.ch.ServerSocketChannelImpl.bind(ServerSocketChannelImpl.java:199) ~[na:1.7.0_09]
	at sun.nio.ch.ServerSocketAdaptor.bind(ServerSocketAdaptor.java:74) ~[na:1.7.0_09]
	at org.eclipse.jetty.server.nio.SelectChannelConnector.open(SelectChannelConnector.java:187) ~[jetty-webapp-7.6.11.v20130520.jar:7.6.11.v20130520]
	at org.eclipse.jetty.server.AbstractConnector.doStart(AbstractConnector.java:316) ~[jetty-webapp-7.6.11.v20130520.jar:7.6.11.v20130520]
	at org.eclipse.jetty.server.nio.SelectChannelConnector.doStart(SelectChannelConnector.java:265) ~[jetty-webapp-7.6.11.v20130520.jar:7.6.11.v20130520]
	at org.eclipse.jetty.util.component.AbstractLifeCycle.start(AbstractLifeCycle.java:64) [jetty-webapp-7.6.11.v20130520.jar:7.6.11.v20130520]
	at org.eclipse.jetty.server.Server.doStart(Server.java:292) [jetty-webapp-7.6.11.v20130520.jar:7.6.11.v20130520]
	at org.eclipse.jetty.util.component.AbstractLifeCycle.start(AbstractLifeCycle.java:64) [jetty-webapp-7.6.11.v20130520.jar:7.6.11.v20130520]
	at cn.zhihang.cm.QuickStartServer.main(QuickStartServer.java:28) [test-classes/:na]
17:10:18.280 [main] WARN  o.e.j.u.component.AbstractLifeCycle - FAILED org.eclipse.jetty.server.Server@a8a37b: java.net.BindException: Address already in use: bind
java.net.BindException: Address already in use: bind
	at sun.nio.ch.Net.bind0(Native Method) ~[na:1.7.0_09]
	at sun.nio.ch.Net.bind(Net.java:344) ~[na:1.7.0_09]
	at sun.nio.ch.Net.bind(Net.java:336) ~[na:1.7.0_09]
	at sun.nio.ch.ServerSocketChannelImpl.bind(ServerSocketChannelImpl.java:199) ~[na:1.7.0_09]
	at sun.nio.ch.ServerSocketAdaptor.bind(ServerSocketAdaptor.java:74) ~[na:1.7.0_09]
	at org.eclipse.jetty.server.nio.SelectChannelConnector.open(SelectChannelConnector.java:187) ~[jetty-webapp-7.6.11.v20130520.jar:7.6.11.v20130520]
	at org.eclipse.jetty.server.AbstractConnector.doStart(AbstractConnector.java:316) ~[jetty-webapp-7.6.11.v20130520.jar:7.6.11.v20130520]
	at org.eclipse.jetty.server.nio.SelectChannelConnector.doStart(SelectChannelConnector.java:265) ~[jetty-webapp-7.6.11.v20130520.jar:7.6.11.v20130520]
	at org.eclipse.jetty.util.component.AbstractLifeCycle.start(AbstractLifeCycle.java:64) ~[jetty-webapp-7.6.11.v20130520.jar:7.6.11.v20130520]
	at org.eclipse.jetty.server.Server.doStart(Server.java:292) ~[jetty-webapp-7.6.11.v20130520.jar:7.6.11.v20130520]
	at org.eclipse.jetty.util.component.AbstractLifeCycle.start(AbstractLifeCycle.java:64) ~[jetty-webapp-7.6.11.v20130520.jar:7.6.11.v20130520]
	at cn.zhihang.cm.QuickStartServer.main(QuickStartServer.java:28) [test-classes/:na]
